<?xml version="1.0" encoding="UTF-8"?>
<!-- Generated by org.testng.reporters.JUnitReportReporter -->
<testsuite hostname="alejandro-ubuntu" name="com.alejandro.testproject.GatoTest" tests="1" failures="0" timestamp="4 Dec 2018 20:47:48 GMT" time="0.008" errors="0">
  <testcase name="saluda_nada_gato" time="0.008" classname="com.alejandro.testproject.GatoTest"/>
</testsuite> <!-- com.alejandro.testproject.GatoTest -->
