<?xml version="1.0" encoding="UTF-8"?>
<!-- Generated by org.testng.reporters.JUnitReportReporter -->
<testsuite hostname="alejandro-ubuntu" name="com.alejandro.testproject.PerroTest" tests="1" failures="0" timestamp="4 Dec 2018 20:47:48 GMT" time="0.000" errors="0">
  <testcase name="saluda__nada__guau" time="0.000" classname="com.alejandro.testproject.PerroTest"/>
</testsuite> <!-- com.alejandro.testproject.PerroTest -->
