<?xml version="1.0" encoding="UTF-8"?>
<!-- Generated by org.testng.reporters.JUnitReportReporter -->
<testsuite hostname="alejandro-ubuntu" name="com.alejandro.testproject.MyPetTest" tests="4" failures="0" timestamp="4 Dec 2018 20:47:48 GMT" time="0.003" errors="0">
  <testcase name="dimeHola_gato_saludoDeGato" time="0.002" classname="com.alejandro.testproject.MyPetTest"/>
  <testcase name="dimeHola_variosPets_correctResponse" time="0.000" classname="com.alejandro.testproject.MyPetTest"/>
  <testcase name="dimeHola_variosPets_correctResponse" time="0.000" classname="com.alejandro.testproject.MyPetTest"/>
  <testcase name="dimeHola_variosPets_correctResponse" time="0.001" classname="com.alejandro.testproject.MyPetTest"/>
</testsuite> <!-- com.alejandro.testproject.MyPetTest -->
